This file contains any messages produced by compilers while
running configure, to aid debugging if configure makes a mistake.

It was created by Giella sma configure 0.2.0, which was
generated by GNU Autoconf 2.69.  Invocation command line was

  $ ./configure GTCORE=/Users/sik102/giellalt/giella-core --no-create --no-recursion

## --------- ##
## Platform. ##
## --------- ##

hostname = svhum-hsl-m0343
uname -m = x86_64
uname -r = 18.7.0
uname -s = Darwin
uname -v = Darwin Kernel Version 18.7.0: Mon Mar  8 22:11:48 PST 2021; root:xnu-4903.278.65~1/RELEASE_X86_64

/usr/bin/uname -p = i386
/bin/uname -X     = unknown

/bin/arch              = unknown
/usr/bin/arch -k       = unknown
/usr/convex/getsysinfo = unknown
/usr/bin/hostinfo      = Mach kernel version:
	 Darwin Kernel Version 18.7.0: Mon Mar  8 22:11:48 PST 2021; root:xnu-4903.278.65~1/RELEASE_X86_64
Kernel configured for up to 12 processors.
6 processors are physically available.
12 processors are logically available.
Processor type: x86_64h (Intel x86-64h Haswell)
Processors active: 0 1 2 3 4 5 6 7 8 9 10 11
Primary memory available: 16.00 gigabytes
Default processor set: 438 tasks, 1977 threads, 12 processors
Load average: 2.18, Mach factor: 9.91
/bin/machine           = unknown
/usr/bin/oslevel       = unknown
/bin/universe          = unknown

PATH: /Users/sik102/giellalt/giella-core/scripts
PATH: /Users/sik102/langtech/gt/script/corpus
PATH: /Users/sik102/langtech/gt/script
PATH: /Users/sik102/bin
PATH: /Users/sik102/.local/bin
PATH: /Users/sik102/Library/Python/3.7/bin
PATH: /opt/local/bin
PATH: /opt/local/sbin
PATH: /Users/sik102/forrest/bin
PATH: /usr/local/bin
PATH: /usr/bin
PATH: /bin
PATH: /usr/sbin
PATH: /sbin
PATH: /usr/local/munki
PATH: /usr/local/bin


## ----------- ##
## Core tests. ##
## ----------- ##

configure:2161: checking for a BSD-compatible install
configure:2229: result: /usr/bin/install -c
configure:2240: checking whether build environment is sane
configure:2295: result: yes
configure:2446: checking for a thread-safe mkdir -p
configure:2485: result: build-aux/install-sh -c -d
configure:2492: checking for gawk
configure:2508: found /opt/local/bin/gawk
configure:2519: result: gawk
configure:2530: checking whether make sets $(MAKE)
configure:2552: result: yes
configure:2581: checking whether make supports nested variables
configure:2598: result: yes
configure:2677: checking how to create a pax tar archive
configure:2688: tar --version
bsdtar 2.8.3 - libarchive 2.8.3
configure:2691: $? = 0
configure:2731: tardir=conftest.dir && eval tar --format=posix -chf - "$tardir" >conftest.tar
configure:2734: $? = 0
configure:2738: tar -xf - <conftest.tar
configure:2741: $? = 0
configure:2743: cat conftest.dir/file
GrepMe
configure:2746: $? = 0
configure:2759: result: gnutar
configure:2820: checking whether make supports nested variables
configure:2837: result: yes
configure:3046: checking build system type
configure:3060: result: x86_64-apple-darwin18.7.0
configure:3080: checking host system type
configure:3093: result: x86_64-apple-darwin18.7.0
configure:3117: checking for gt-core.sh
configure:3135: found /Users/sik102/giellalt/giella-core/scripts/gt-core.sh
configure:3148: result: /Users/sik102/giellalt/giella-core/scripts/gt-core.sh
configure:3201: checking whether we can set GIELLA_CORE
configure:3233: result: /Users/sik102/giellalt/lang-sma/./../giella-core
configure:3264: checking for gt-version.sh
configure:3282: found /Users/sik102/giellalt/lang-sma/./../giella-core/scripts/gt-version.sh
configure:3295: result: /Users/sik102/giellalt/lang-sma/./../giella-core/scripts/gt-version.sh
configure:3303: checking the version of the Giella Core
configure:3311: result: 0.12.3-$
configure:3314: checking whether the Giella Core version is at least 0.12.0
configure:3354: result: yes
configure:3377: checking whether we can set GIELLA_SHARED
configure:3407: result: /Users/sik102/giellalt/lang-sma/./../giella-shared
configure:3433: checking the version of Giella Shared
configure:3463: result: 0.3.0
configure:3466: checking whether the version of Giella Shared is at least 0.2.0
configure:3506: result: yes
configure:3529: checking whether we can set GIELLA_LIBS
configure:3570: result: /Users/sik102/langtech/giella-libs
configure:3583: checking for bc
configure:3601: found /usr/bin/bc
configure:3614: result: /usr/bin/bc
configure:3668: checking for a Python interpreter with version >= 3.5
configure:3685: python -c import sys # split strings by '.' and convert to numeric. Append some zeros # because we need at least 4 digits for the hex conversion. # map returns an iterator in Python 3.0 and a list in 2.x minver = list(map(int, '3.5'.split('.'))) + [0, 0, 0] minverhex = 0 # xrange is not present in Python 3.0 and range returns an iterator for i in list(range(0, 4)): minverhex = (minverhex << 8) + minver[i] sys.exit(sys.hexversion < minverhex)
configure:3688: $? = 1
configure:3685: python2 -c import sys # split strings by '.' and convert to numeric. Append some zeros # because we need at least 4 digits for the hex conversion. # map returns an iterator in Python 3.0 and a list in 2.x minver = list(map(int, '3.5'.split('.'))) + [0, 0, 0] minverhex = 0 # xrange is not present in Python 3.0 and range returns an iterator for i in list(range(0, 4)): minverhex = (minverhex << 8) + minver[i] sys.exit(sys.hexversion < minverhex)
./configure: line 3686: python2: command not found
configure:3688: $? = 127
configure:3685: python3 -c import sys # split strings by '.' and convert to numeric. Append some zeros # because we need at least 4 digits for the hex conversion. # map returns an iterator in Python 3.0 and a list in 2.x minver = list(map(int, '3.5'.split('.'))) + [0, 0, 0] minverhex = 0 # xrange is not present in Python 3.0 and range returns an iterator for i in list(range(0, 4)): minverhex = (minverhex << 8) + minver[i] sys.exit(sys.hexversion < minverhex)
configure:3688: $? = 0
configure:3694: result: python3
configure:3702: checking for python3
configure:3720: found /opt/local/bin/python3
configure:3732: result: /opt/local/bin/python3
configure:3750: checking for python3 version
configure:3757: result: 3.7
configure:3769: checking for python3 platform
configure:3776: result: darwin
configure:3802: checking for python3 script directory
configure:3837: result: ${prefix}/lib/python3.7/site-packages
configure:3846: checking for python3 extension module directory
configure:3881: result: ${exec_prefix}/lib/python3.7/site-packages
configure:3900: checking python3 module: yaml
configure:3905: result: yes
configure:3920: checking whether to enable yaml-based test
configure:3938: result: yes
configure:3955: checking for awk that supports gensub
configure:3988: result: /opt/local/bin/gawk
configure:3993: checking for sed that supports newlines and pipes
configure:4019: error: could not find sed that supports stuff - please install GNU sed. hint: sudo port install gsed./c

## ---------------- ##
## Cache variables. ##
## ---------------- ##

ac_cv_build=x86_64-apple-darwin18.7.0
ac_cv_env_GIELLA_CORE_set=
ac_cv_env_GIELLA_CORE_value=
ac_cv_env_GIELLA_LIBS_set=
ac_cv_env_GIELLA_LIBS_value=
ac_cv_env_GIELLA_SHARED_set=
ac_cv_env_GIELLA_SHARED_value=
ac_cv_env_GTCORE_set=set
ac_cv_env_GTCORE_value=/Users/sik102/giellalt/giella-core
ac_cv_env_PYTHON_set=
ac_cv_env_PYTHON_value=
ac_cv_env_build_alias_set=
ac_cv_env_build_alias_value=
ac_cv_env_host_alias_set=
ac_cv_env_host_alias_value=
ac_cv_env_target_alias_set=
ac_cv_env_target_alias_value=
ac_cv_host=x86_64-apple-darwin18.7.0
ac_cv_path_BC=/usr/bin/bc
ac_cv_path_GAWK=/opt/local/bin/gawk
ac_cv_path_GIELLA_CORE_VERSION=/Users/sik102/giellalt/lang-sma/./../giella-core/scripts/gt-version.sh
ac_cv_path_GTCORESH=/Users/sik102/giellalt/giella-core/scripts/gt-core.sh
ac_cv_path_PYTHON=/opt/local/bin/python3
ac_cv_path_install='/usr/bin/install -c'
ac_cv_prog_AWK=gawk
ac_cv_prog_make_make_set=yes
am_cv_make_support_nested_variables=yes
am_cv_pathless_PYTHON=python3
am_cv_prog_tar_pax=gnutar
am_cv_python_platform=darwin
am_cv_python_pyexecdir='${exec_prefix}/lib/python3.7/site-packages'
am_cv_python_pythondir='${prefix}/lib/python3.7/site-packages'
am_cv_python_version=3.7

## ----------------- ##
## Output variables. ##
## ----------------- ##

ACLOCAL='${SHELL} /Users/sik102/giellalt/lang-sma/build-aux/missing aclocal-1.16'
ALT_ORTHS=''
ALT_WSS=''
AMTAR='$${TAR-tar}'
AM_BACKSLASH='\'
AM_DEFAULT_V='$(AM_DEFAULT_VERBOSITY)'
AM_DEFAULT_VERBOSITY='0'
AM_V='$(V)'
AREAS=''
AUTOCONF='${SHELL} /Users/sik102/giellalt/lang-sma/build-aux/missing autoconf'
AUTOHEADER='${SHELL} /Users/sik102/giellalt/lang-sma/build-aux/missing autoheader'
AUTOMAKE='${SHELL} /Users/sik102/giellalt/lang-sma/build-aux/missing automake-1.16'
AWK='gawk'
BC='/usr/bin/bc'
CAN_CGMT_FALSE=''
CAN_CGMT_TRUE=''
CAN_FOMA_FALSE=''
CAN_FOMA_SPELLER_FALSE=''
CAN_FOMA_SPELLER_TRUE=''
CAN_FOMA_TRUE=''
CAN_FORREST_VALIDATE_FALSE=''
CAN_FORREST_VALIDATE_TRUE=''
CAN_HFST_FALSE=''
CAN_HFST_TRUE=''
CAN_JAVA_FALSE=''
CAN_JAVA_TRUE=''
CAN_LOCALSYNC_FALSE=''
CAN_LOCALSYNC_TRUE=''
CAN_MERGE_FALSE=''
CAN_MERGE_TRUE=''
CAN_REMOTE_SYNC_FALSE=''
CAN_REMOTE_SYNC_TRUE=''
CAN_SAXON_FALSE=''
CAN_SAXON_TRUE=''
CAN_VFST_FALSE=''
CAN_VFST_TRUE=''
CAN_VISLCG_FALSE=''
CAN_VISLCG_TRUE=''
CAN_XFST_FALSE=''
CAN_XFST_TRUE=''
CAN_XZ_FALSE=''
CAN_XZ_TRUE=''
CAN_YAML_TEST_FALSE='#'
CAN_YAML_TEST_TRUE=''
CGFLOOKUP=''
CG_MWESPLIT=''
CG_RELABEL=''
CYGPATH_W='echo'
CYGWINJAVAPATH=''
DEFAULT_ANALYSERS='yes'
DEFAULT_CASE_HANDLING_FALSE='#'
DEFAULT_CASE_HANDLING_TRUE=''
DEFAULT_CUSTOM_FSTS='yes'
DEFAULT_FOMA='no'
DEFAULT_GENERATORS='yes'
DEFAULT_HFST='yes'
DEFAULT_HFST_BACKEND='foma'
DEFAULT_HYPERMIN='no'
DEFAULT_ORTH=''
DEFAULT_REVERCI='yes'
DEFAULT_SPELLER_MINIMISATION='no'
DEFAULT_WS='Latn'
DEFAULT_XFST='no'
DEFS=''
DIALECTS='L SH SW NOR'
DIFFTOOL=''
DIVVUN_ACCURACY=''
DIVVUN_CHECKER=''
DIVVUN_VALIDATE_SUGGEST=''
ECHO_C='\c'
ECHO_N=''
ECHO_T=''
FLOOKUP=''
FOMA=''
FORREST=''
GAWK='/opt/local/bin/gawk'
GIELLA_CORE='/Users/sik102/giellalt/lang-sma/./../giella-core'
GIELLA_CORE_VERSION='/Users/sik102/giellalt/lang-sma/./../giella-core/scripts/gt-version.sh'
GIELLA_LIBS='/Users/sik102/langtech/giella-libs'
GIELLA_SHARED='/Users/sik102/giellalt/lang-sma/./../giella-shared'
GLANG2='sma'
GLANG='sma'
GLANGUAGE='South Sami'
GTCORE='/Users/sik102/giellalt/lang-sma/./../giella-core'
GTCORESH='/Users/sik102/giellalt/giella-core/scripts/gt-core.sh'
GTLANG2='sma'
GTLANG='sma'
GTLANGUAGE='South Sami'
GZIP=''
HAS_FOMA_FALSE=''
HAS_FOMA_TRUE=''
HAVE_ALT_ORTHS_FALSE=''
HAVE_ALT_ORTHS_TRUE='#'
HAVE_ALT_WSS_FALSE=''
HAVE_ALT_WSS_TRUE='#'
HAVE_AREAS_FALSE=''
HAVE_AREAS_TRUE='#'
HAVE_DIALECTS_FALSE='#'
HAVE_DIALECTS_TRUE=''
HFST_COMPOSE=''
HFST_COMPOSE_INTERSECT=''
HFST_CONCATENATE=''
HFST_CONJUNCT=''
HFST_DETERMINIZE=''
HFST_DISJUNCT=''
HFST_FOMA=''
HFST_FORMAT_NAME=''
HFST_FST2FST=''
HFST_FST2STRINGS=''
HFST_FST2TXT=''
HFST_INFO=''
HFST_INTERSECT=''
HFST_INVERT=''
HFST_LEXC=''
HFST_LOOKUP=''
HFST_MINIMIZE=''
HFST_MINIMIZE_SPELLER=''
HFST_MINUS=''
HFST_MULTIPLY=''
HFST_NAME=''
HFST_OPTIMIZED_LOOKUP=''
HFST_OSPELL=''
HFST_PAIR_TEST=''
HFST_PMATCH2FST=''
HFST_PROC=''
HFST_PROJECT=''
HFST_PRUNE_ALPHABET=''
HFST_PUSH_WEIGHTS=''
HFST_REGEXP2FST=''
HFST_REMOVE_EPSILONS=''
HFST_REPEAT=''
HFST_REVERSE=''
HFST_REWEIGHT=''
HFST_SPLIT=''
HFST_STRINGS2FST=''
HFST_SUBSTITUTE=''
HFST_SUBTRACT=''
HFST_SUMMARIZE=''
HFST_TOKENISE=''
HFST_TWOLC=''
HFST_TXT2FST=''
HFST_XFST=''
INSTALL_DATA='${INSTALL} -m 644'
INSTALL_PROGRAM='${INSTALL}'
INSTALL_SCRIPT='${INSTALL}'
INSTALL_STRIP_PROGRAM='$(install_sh) -c -s'
JV=''
LEXC=''
LEXREF_IN_PHONOLOGY_FALSE=''
LEXREF_IN_PHONOLOGY_TRUE='#'
LEXREF_IN_XFSCRIPT=''
LIBOBJS=''
LIBS=''
LOOKUP='/Users/sik102/bin/lookup'
LTLIBOBJS=''
MAKEINFO='${SHELL} /Users/sik102/giellalt/lang-sma/build-aux/missing makeinfo'
MKDIR_P='build-aux/install-sh -c -d'
NO_PHONOLOGY=''
NPM=''
PACKAGE='giella-sma'
PACKAGE_BUGREPORT='feedback@divvun.no'
PACKAGE_NAME='Giella sma'
PACKAGE_STRING='Giella sma 0.2.0'
PACKAGE_TARNAME='giella-sma'
PACKAGE_URL='http://divvun.no'
PACKAGE_VERSION='0.2.0'
PATGEN=''
PATH_SEPARATOR=':'
PERL=''
PRINTF=''
PYTHON='/opt/local/bin/python3'
PYTHON_EXEC_PREFIX='${exec_prefix}'
PYTHON_PLATFORM='darwin'
PYTHON_PREFIX='${prefix}'
PYTHON_VERSION='3.7'
R=''
RSYNC=''
SAXON=''
SAXONJAR=''
SED=''
SEE=''
SET_MAKE=''
SHELL='/bin/sh'
SKIP_PHONOLOGY_FALSE=''
SKIP_PHONOLOGY_TRUE='#'
SPELLERVERSION='4.3.0'
STRIP=''
TAR=''
TWOLC=''
VERSION='0.2.0'
VISLCG3=''
VISLCG3_COMP=''
VOIKKOGC=''
VOIKKOHYPHENATE=''
VOIKKOSPELL=''
VOIKKOVFSTC=''
WANT_ABBR_FALSE=''
WANT_ABBR_TRUE=''
WANT_ALT_ORTH_PROOFTOOLS_FALSE='#'
WANT_ALT_ORTH_PROOFTOOLS_TRUE=''
WANT_ANL_TOOL_FALSE=''
WANT_ANL_TOOL_TRUE=''
WANT_APERTIUM_FALSE=''
WANT_APERTIUM_TRUE=''
WANT_CUSTOM_FSTS_FALSE=''
WANT_CUSTOM_FSTS_TRUE=''
WANT_DIALECTS_FALSE=''
WANT_DIALECTS_TRUE=''
WANT_DICTIONARIES_FALSE=''
WANT_DICTIONARIES_TRUE=''
WANT_DOWNCASEERROR_FALSE=''
WANT_DOWNCASEERROR_TRUE=''
WANT_FST_HYPHENATOR_FALSE=''
WANT_FST_HYPHENATOR_TRUE=''
WANT_GENERATION_FALSE=''
WANT_GENERATION_TRUE=''
WANT_GLOSSERS_FALSE=''
WANT_GLOSSERS_TRUE=''
WANT_GRAMCHECK_FALSE=''
WANT_GRAMCHECK_TRUE=''
WANT_HFST_DESKTOP_SPELLER_FALSE=''
WANT_HFST_DESKTOP_SPELLER_TRUE=''
WANT_HFST_MOBILE_SPELLER_FALSE=''
WANT_HFST_MOBILE_SPELLER_TRUE=''
WANT_HYPERMINIMISATION_FALSE=''
WANT_HYPERMINIMISATION_TRUE=''
WANT_L2_FALSE=''
WANT_L2_TRUE=''
WANT_LEXC_ALIGNMENT_FALSE=''
WANT_LEXC_ALIGNMENT_TRUE=''
WANT_MORPHER_FALSE=''
WANT_MORPHER_TRUE=''
WANT_MORPHOLOGY_FALSE=''
WANT_MORPHOLOGY_TRUE=''
WANT_OAHPA_FALSE=''
WANT_OAHPA_TRUE=''
WANT_PATTERN_HYPHENATORS_FALSE=''
WANT_PATTERN_HYPHENATORS_TRUE=''
WANT_PHONETIC_FALSE=''
WANT_PHONETIC_TRUE=''
WANT_REVERSED_INTERSECT_FALSE=''
WANT_REVERSED_INTERSECT_TRUE=''
WANT_SPELLERS_FALSE=''
WANT_SPELLERS_TRUE=''
WANT_SYNTAX_FALSE=''
WANT_SYNTAX_TRUE=''
WANT_TOKENISERS_FALSE=''
WANT_TOKENISERS_TRUE=''
WANT_TRANSCRIPTORS_FALSE=''
WANT_TRANSCRIPTORS_TRUE=''
WANT_TTS_FALSE=''
WANT_TTS_TRUE=''
WANT_TWOSTEP_INTERSECT_FALSE=''
WANT_TWOSTEP_INTERSECT_TRUE=''
WANT_VFST_SPELLER_FALSE=''
WANT_VFST_SPELLER_TRUE=''
WGET=''
WITH_FOMA_FALSE=''
WITH_FOMA_TRUE=''
WITH_OFST_LOG_FALSE=''
WITH_OFST_LOG_TRUE=''
WITH_OFST_TROPICAL_FALSE=''
WITH_OFST_TROPICAL_TRUE=''
WITH_SFST_FALSE=''
WITH_SFST_TRUE=''
XFST=''
XZ=''
ZIP=''
am__isrc=''
am__leading_dot='.'
am__tar='tar --format=posix -chf - "$$tardir"'
am__untar='tar -xf -'
bindir='${exec_prefix}/bin'
build='x86_64-apple-darwin18.7.0'
build_alias=''
build_cpu='x86_64'
build_os='darwin18.7.0'
build_vendor='apple'
datadir='${datarootdir}'
datarootdir='${prefix}/share'
docdir='${datarootdir}/doc/${PACKAGE_TARNAME}'
dvidir='${docdir}'
exec_prefix='NONE'
host='x86_64-apple-darwin18.7.0'
host_alias=''
host_cpu='x86_64'
host_os='darwin18.7.0'
host_vendor='apple'
htmldir='${docdir}'
ifGNUmake=''
includedir='${prefix}/include'
infodir='${datarootdir}/info'
install_sh='${SHELL} /Users/sik102/giellalt/lang-sma/build-aux/install-sh'
libdir='${exec_prefix}/lib'
libexecdir='${exec_prefix}/libexec'
localedir='${datarootdir}/locale'
localstatedir='${prefix}/var'
mandir='${datarootdir}/man'
mkdir_p='$(MKDIR_P)'
oldincludedir='/usr/include'
pdfdir='${docdir}'
pkgpyexecdir='${pyexecdir}/giella-sma'
pkgpythondir='${pythondir}/giella-sma'
prefix='NONE'
program_transform_name='s,x,x,'
psdir='${docdir}'
pyexecdir='${exec_prefix}/lib/python3.7/site-packages'
pythondir='${prefix}/lib/python3.7/site-packages'
sbindir='${exec_prefix}/sbin'
sharedstatedir='${prefix}/com'
sysconfdir='${prefix}/etc'
target_alias=''

## ----------- ##
## confdefs.h. ##
## ----------- ##

/* confdefs.h */
#define PACKAGE_NAME "Giella sma"
#define PACKAGE_TARNAME "giella-sma"
#define PACKAGE_VERSION "0.2.0"
#define PACKAGE_STRING "Giella sma 0.2.0"
#define PACKAGE_BUGREPORT "feedback@divvun.no"
#define PACKAGE_URL "http://divvun.no"
#define PACKAGE "giella-sma"
#define VERSION "0.2.0"

configure: exit 1
